Watching for file changes with StatReloader
[13/Feb/2022 12:22:36] "GET / HTTP/1.1" 200 551
Not Found: /favicon.ico
[13/Feb/2022 12:22:36] "GET /favicon.ico HTTP/1.1" 404 2233
/vagrant/msgboard/views.py changed, reloading.
Performing system checks...

System check identified no issues (0 silenced).
February 13, 2022 - 12:21:12
Django version 4.0.2, using settings 'beyond_tutorial.settings'
Starting development server at http://0.0.0.0:8000/
Quit the server with CONTROL-C.
Watching for file changes with StatReloader
/vagrant/msgboard/views.py changed, reloading.
Performing system checks...

System check identified no issues (0 silenced).
February 13, 2022 - 12:38:13
Django version 4.0.2, using settings 'beyond_tutorial.settings'
Starting development server at http://0.0.0.0:8000/
Quit the server with CONTROL-C.
Watching for file changes with StatReloader
[13/Feb/2022 12:41:53] "GET / HTTP/1.1" 200 1118
[13/Feb/2022 12:42:04] "POST / HTTP/1.1" 302 0
[13/Feb/2022 12:42:04] "GET / HTTP/1.1" 200 1242
[13/Feb/2022 12:42:12] "GET / HTTP/1.1" 200 1242
[13/Feb/2022 12:42:20] "POST / HTTP/1.1" 302 0
[13/Feb/2022 12:42:20] "GET / HTTP/1.1" 200 1364
[13/Feb/2022 12:42:24] "GET / HTTP/1.1" 200 1364
[13/Feb/2022 12:43:36] "GET / HTTP/1.1" 200 1364
/vagrant/beyond_tutorial/urls.py changed, reloading.
Performing system checks...

System check identified no issues (0 silenced).
February 13, 2022 - 12:38:19
Django version 4.0.2, using settings 'beyond_tutorial.settings'
Starting development server at http://0.0.0.0:8000/
Quit the server with CONTROL-C.
Watching for file changes with StatReloader
/vagrant/msgboard/admin.py changed, reloading.
Performing system checks...

System check identified no issues (0 silenced).
February 13, 2022 - 12:46:13
Django version 4.0.2, using settings 'beyond_tutorial.settings'
Starting development server at http://0.0.0.0:8000/
Quit the server with CONTROL-C.
Watching for file changes with StatReloader
/vagrant/msgboard/forms.py changed, reloading.
Performing system checks...

System check identified no issues (0 silenced).
February 13, 2022 - 12:46:46
Django version 4.0.2, using settings 'beyond_tutorial.settings'
Starting development server at http://0.0.0.0:8000/
Quit the server with CONTROL-C.
Watching for file changes with StatReloader
/vagrant/msgboard/models.py changed, reloading.
Performing system checks...

System check identified no issues (0 silenced).
February 13, 2022 - 12:47:10
Django version 4.0.2, using settings 'beyond_tutorial.settings'
Starting development server at http://0.0.0.0:8000/
Quit the server with CONTROL-C.
Watching for file changes with StatReloader
/vagrant/msgboard/models.py changed, reloading.
Performing system checks...

System check identified no issues (0 silenced).
February 13, 2022 - 12:47:35
Django version 4.0.2, using settings 'beyond_tutorial.settings'
Starting development server at http://0.0.0.0:8000/
Quit the server with CONTROL-C.
Watching for file changes with StatReloader
/vagrant/msgboard/views.py changed, reloading.
Performing system checks...

System check identified no issues (0 silenced).
February 13, 2022 - 12:48:48
Django version 4.0.2, using settings 'beyond_tutorial.settings'
Starting development server at http://0.0.0.0:8000/
Quit the server with CONTROL-C.
Watching for file changes with StatReloader
/vagrant/msgboard/migrations/0002_test_data.py changed, reloading.
Performing system checks...

System check identified no issues (0 silenced).
February 13, 2022 - 12:49:55
Django version 4.0.2, using settings 'beyond_tutorial.settings'
Starting development server at http://0.0.0.0:8000/
Quit the server with CONTROL-C.
Watching for file changes with StatReloader
/vagrant/msgboard/admin.py changed, reloading.
Performing system checks...

System check identified no issues (0 silenced).
February 13, 2022 - 12:51:23
Django version 4.0.2, using settings 'beyond_tutorial.settings'
Starting development server at http://0.0.0.0:8000/
Quit the server with CONTROL-C.
Watching for file changes with StatReloader
/vagrant/msgboard/models.py changed, reloading.
Performing system checks...

System check identified no issues (0 silenced).
February 13, 2022 - 12:53:45
Django version 4.0.2, using settings 'beyond_tutorial.settings'
Starting development server at http://0.0.0.0:8000/
Quit the server with CONTROL-C.
Watching for file changes with StatReloader
/vagrant/msgboard/migrations/0002_test_data.py changed, reloading.
Performing system checks...

System check identified no issues (0 silenced).
February 13, 2022 - 12:54:04
Django version 4.0.2, using settings 'beyond_tutorial.settings'
Starting development server at http://0.0.0.0:8000/
Quit the server with CONTROL-C.
Watching for file changes with StatReloader
/vagrant/msgboard/migrations/0002_test_data.py changed, reloading.
Performing system checks...

System check identified no issues (0 silenced).
February 13, 2022 - 12:55:26
Django version 4.0.2, using settings 'beyond_tutorial.settings'
Starting development server at http://0.0.0.0:8000/
Quit the server with CONTROL-C.
Watching for file changes with StatReloader
